<?xml version="1.1" encoding="UTF-8"?>
<testsuite name="GoogleSpec" tests="1" failures="0" errors="0" timestamp="2013-09-27T06:54:55" hostname="anilk-lt" time="19.054">
  <properties/>
  <testcase name="First test case" classname="GoogleSpec" time="19.054"/>
  <system-out><![CDATA[]]></system-out>
  <system-err><![CDATA[]]></system-err>
</testsuite>
